2022-09-20 09:30:17,611 [main] INFO  c.k.c.KoizaiCommonServiceApplication [line:50] - Starting KoizaiCommonServiceApplication on DESKTOP-09V2U2R with PID 22040 (C:\Users\Amit-PC\Desktop\koizai-common-service\target\classes started by Amit-PC in C:\Users\Amit-PC\Desktop\koizai-common-service)
2022-09-20 09:30:17,620 [main] INFO  c.k.c.KoizaiCommonServiceApplication [line:679] - The following profiles are active: @activatedProperties@
2022-09-20 09:30:19,280 [main] ERROR o.s.boot.SpringApplication [line:858] - Application run failed
org.springframework.beans.factory.BeanCreationException: Error creating bean with name 'currencyController' defined in file [C:\Users\Amit-PC\Desktop\koizai-common-service\target\classes\com\koizai\commonservice\currency\controller\CurrencyController.class]: Instantiation of bean failed; nested exception is org.springframework.beans.BeanInstantiationException: Failed to instantiate [com.koizai.commonservice.currency.controller.CurrencyController]: Constructor threw exception; nested exception is java.lang.Error: Unresolved compilation problems: 
	The blank final field currencyService may not have been initialized
	log cannot be resolved
	The method getDate() is undefined for the type CurrencyExchange
	The method setCurrencyRates(List<CurrencyExchange>) is undefined for the type CurrencyListDto
	The method getExchangeRates() is undefined for the type CurrencyExchange
	The method getExchangeRates() is undefined for the type CurrencyExchange

	at org.springframework.beans.factory.support.AbstractAutowireCapableBeanFactory.instantiateBean(AbstractAutowireCapableBeanFactory.java:1270)
	at org.springframework.beans.factory.support.AbstractAutowireCapableBeanFactory.createBeanInstance(AbstractAutowireCapableBeanFactory.java:1164)
	at org.springframework.beans.factory.support.AbstractAutowireCapableBeanFactory.doCreateBean(AbstractAutowireCapableBeanFactory.java:538)
	at org.springframework.beans.factory.support.AbstractAutowireCapableBeanFactory.createBean(AbstractAutowireCapableBeanFactory.java:498)
	at org.springframework.beans.factory.support.AbstractBeanFactory.lambda$doGetBean$0(AbstractBeanFactory.java:320)
	at org.springframework.beans.factory.support.DefaultSingletonBeanRegistry.getSingleton(DefaultSingletonBeanRegistry.java:222)
	at org.springframework.beans.factory.support.AbstractBeanFactory.doGetBean(AbstractBeanFactory.java:318)
	at org.springframework.beans.factory.support.AbstractBeanFactory.getBean(AbstractBeanFactory.java:199)
	at org.springframework.beans.factory.support.DefaultListableBeanFactory.preInstantiateSingletons(DefaultListableBeanFactory.java:846)
	at org.springframework.context.support.AbstractApplicationContext.finishBeanFactoryInitialization(AbstractApplicationContext.java:863)
	at org.springframework.context.support.AbstractApplicationContext.refresh(AbstractApplicationContext.java:546)
	at org.springframework.boot.web.servlet.context.ServletWebServerApplicationContext.refresh(ServletWebServerApplicationContext.java:140)
	at org.springframework.boot.SpringApplication.refresh(SpringApplication.java:775)
	at org.springframework.boot.SpringApplication.refreshContext(SpringApplication.java:397)
	at org.springframework.boot.SpringApplication.run(SpringApplication.java:316)
	at org.springframework.boot.SpringApplication.run(SpringApplication.java:1260)
	at org.springframework.boot.SpringApplication.run(SpringApplication.java:1248)
	at com.koizai.commonservice.KoizaiCommonServiceApplication.main(KoizaiCommonServiceApplication.java:11)
Caused by: org.springframework.beans.BeanInstantiationException: Failed to instantiate [com.koizai.commonservice.currency.controller.CurrencyController]: Constructor threw exception; nested exception is java.lang.Error: Unresolved compilation problems: 
	The blank final field currencyService may not have been initialized
	log cannot be resolved
	The method getDate() is undefined for the type CurrencyExchange
	The method setCurrencyRates(List<CurrencyExchange>) is undefined for the type CurrencyListDto
	The method getExchangeRates() is undefined for the type CurrencyExchange
	The method getExchangeRates() is undefined for the type CurrencyExchange

	at org.springframework.beans.BeanUtils.instantiateClass(BeanUtils.java:184)
	at org.springframework.beans.factory.support.SimpleInstantiationStrategy.instantiate(SimpleInstantiationStrategy.java:87)
	at org.springframework.beans.factory.support.AbstractAutowireCapableBeanFactory.instantiateBean(AbstractAutowireCapableBeanFactory.java:1262)
	... 17 common frames omitted
Caused by: java.lang.Error: Unresolved compilation problems: 
	The blank final field currencyService may not have been initialized
	log cannot be resolved
	The method getDate() is undefined for the type CurrencyExchange
	The method setCurrencyRates(List<CurrencyExchange>) is undefined for the type CurrencyListDto
	The method getExchangeRates() is undefined for the type CurrencyExchange
	The method getExchangeRates() is undefined for the type CurrencyExchange

	at com.koizai.commonservice.currency.controller.CurrencyController.<init>(CurrencyController.java:30)
	at sun.reflect.NativeConstructorAccessorImpl.newInstance0(Native Method)
	at sun.reflect.NativeConstructorAccessorImpl.newInstance(NativeConstructorAccessorImpl.java:62)
	at sun.reflect.DelegatingConstructorAccessorImpl.newInstance(DelegatingConstructorAccessorImpl.java:45)
	at java.lang.reflect.Constructor.newInstance(Constructor.java:423)
	at org.springframework.beans.BeanUtils.instantiateClass(BeanUtils.java:172)
	... 19 common frames omitted
